<?xml version="1.0" encoding="UTF-8"?>
<!-- Generated by org.testng.reporters.JUnitXMLReporter -->
<testsuite ignored="0" hostname="LAPTOP-J2TOIKUA" failures="0" tests="2" name="Error Validation Test" time="13.511" errors="0" timestamp="2023-11-05T20:24:55 IST">
  <testcase classname="FrameworkDesign.tests.ErrorValidationTest" name="loginErrorValidation" time="2.826"/>
  <testcase classname="FrameworkDesign.tests.ErrorValidationTest" name="productErrorValidation" time="2.585"/>
</testsuite> <!-- Error Validation Test -->
