<?xml version="1.0" encoding="UTF-8"?>
<!-- Generated by org.testng.reporters.JUnitXMLReporter -->
<testsuite ignored="0" hostname="LAPTOP-J2TOIKUA" failures="0" tests="3" name="Submit Order Test" time="38.366" errors="0" timestamp="2023-11-05T20:25:34 IST">
  <testcase classname="FrameworkDesign.tests.SubmitOrderTest" name="submitOrder" time="11.432"/>
  <testcase classname="FrameworkDesign.tests.SubmitOrderTest" name="submitOrder" time="11.458"/>
  <testcase classname="FrameworkDesign.tests.SubmitOrderTest" name="orderhistorypage" time="1.123"/>
</testsuite> <!-- Submit Order Test -->
