<?xml version="1.0" encoding="UTF-8"?>
<!-- Generated by org.testng.reporters.JUnitXMLReporter -->
<testsuite ignored="0" hostname="LAPTOP-J2TOIKUA" failures="0" tests="3" name="Submit Order Test" time="32.299" errors="0" timestamp="2023-11-02T20:39:46 IST">
  <testcase classname="FrameworkDesign.tests.SubmitOrderTest" name="submitOrder" time="5.928"/>
  <testcase classname="FrameworkDesign.tests.SubmitOrderTest" name="submitOrder" time="6.362"/>
  <testcase classname="FrameworkDesign.tests.SubmitOrderTest" name="orderhistorypage" time="1.001"/>
</testsuite> <!-- Submit Order Test -->
