<?xml version="1.0" encoding="UTF-8"?>
<!-- Generated by org.testng.reporters.JUnitXMLReporter -->
<testsuite ignored="1" hostname="LAPTOP-J2TOIKUA" failures="0" tests="1" name="Error Validation Test" time="6.283" errors="0" timestamp="2023-11-05T20:14:20 IST">
  <testcase classname="FrameworkDesign.tests.ErrorValidationTest" name="loginErrorValidation" time="0.862"/>
  <testcase classname="FrameworkDesign.tests.ErrorValidationTest" name="productErrorValidation" time="0.0">
    <ignored/>
  </testcase> <!-- productErrorValidation -->
</testsuite> <!-- Error Validation Test -->
