<?xml version="1.0" encoding="UTF-8"?>
<!-- Generated by org.testng.reporters.JUnitXMLReporter -->
<testsuite ignored="2" hostname="LAPTOP-J2TOIKUA" failures="0" tests="0" time="0.018" errors="0" timestamp="2023-11-05T20:14:14 IST">
  <testcase classname="FrameworkDesign.tests.SubmitOrderTest" name="orderhistorypage" time="0.0">
    <ignored/>
  </testcase> <!-- orderhistorypage -->
  <testcase classname="FrameworkDesign.tests.SubmitOrderTest" name="submitOrder" time="0.0">
    <ignored/>
  </testcase> <!-- submitOrder -->
</testsuite>
