<?xml version="1.0" encoding="UTF-8"?>
<!-- Generated by org.testng.reporters.JUnitXMLReporter -->
<testsuite ignored="0" hostname="LAPTOP-J2TOIKUA" failures="1" tests="3" name="Error Validation Test" time="29.867" errors="0" timestamp="2023-11-04T20:34:54 IST">
  <testcase classname="FrameworkDesign.tests.ErrorValidationTest" name="loginErrorValidation" time="0.895">
    <skipped/>
  </testcase> <!-- loginErrorValidation -->
  <testcase classname="FrameworkDesign.tests.ErrorValidationTest" name="loginErrorValidation" time="0.712">
    <failure type="java.lang.AssertionError" message="expected [Incorrect email or password.] but found [Incorrect email  password.]">
      <![CDATA[java.lang.AssertionError: expected [Incorrect email or password.] but found [Incorrect email  password.]
at FrameworkDesign.tests.ErrorValidationTest.loginErrorValidation(ErrorValidationTest.java:21)
at java.base/java.util.ArrayList.forEach(ArrayList.java:1511)
... Removed 33 stack frames]]>
    </failure>
  </testcase> <!-- loginErrorValidation -->
  <testcase classname="FrameworkDesign.tests.ErrorValidationTest" name="productErrorValidation" time="3.214"/>
</testsuite> <!-- Error Validation Test -->
